<?xml version="1.0" encoding="UTF-8"?>
<!-- Generated by org.testng.reporters.JUnitXMLReporter -->
<testsuite ignored="0" hostname="DESKTOP-J646L89" failures="0" tests="2" name="Test" time="0.153" errors="0" timestamp="2023-02-26T11:35:27 IST">
  <testcase classname="TestBase.BaseClass" name="@BeforeClass setup" time="-1.677391527759E9">
    <failure type="org.testng.TestNGException" message="
Parameter &amp;apos;Browser&amp;apos; is required by BeforeClass on method setup but has not been marked @Optional or defined
in C:\Users\kkkkkk\eclipse-workspace\OpenCart_Project\testng.xml">
      <![CDATA[org.testng.TestNGException: 
Parameter 'Browser' is required by BeforeClass on method setup but has not been marked @Optional or defined
in C:\Users\kkkkkk\eclipse-workspace\OpenCart_Project\testng.xml
at java.base/java.util.ArrayList.forEach(ArrayList.java:1511)
... Removed 22 stack frames]]>
    </failure>
  </testcase> <!-- @BeforeClass setup -->
  <testcase classname="TestBase.BaseClass" name="@AfterClass Application_close" time="0.0">
    <skipped/>
  </testcase> <!-- @AfterClass Application_close -->
  <testcase classname="TestBase.BaseClass" name="@BeforeClass setup" time="-1.677391527842E9">
    <failure type="org.testng.TestNGException" message="
Parameter &amp;apos;Browser&amp;apos; is required by BeforeClass on method setup but has not been marked @Optional or defined
in C:\Users\kkkkkk\eclipse-workspace\OpenCart_Project\testng.xml">
      <![CDATA[org.testng.TestNGException: 
Parameter 'Browser' is required by BeforeClass on method setup but has not been marked @Optional or defined
in C:\Users\kkkkkk\eclipse-workspace\OpenCart_Project\testng.xml
at java.base/java.util.ArrayList.forEach(ArrayList.java:1511)
... Removed 22 stack frames]]>
    </failure>
  </testcase> <!-- @BeforeClass setup -->
  <testcase classname="TestBase.BaseClass" name="@AfterClass Application_close" time="0.0">
    <skipped/>
  </testcase> <!-- @AfterClass Application_close -->
  <testcase classname="TestCase.TC_001_AccountRegistration" name="Home_Page_Test" time="0.001">
    <skipped/>
  </testcase> <!-- Home_Page_Test -->
  <testcase classname="TestCase.TC_002_LogInPage" name="LogIn_Test" time="0.0">
    <skipped/>
  </testcase> <!-- LogIn_Test -->
</testsuite> <!-- Test -->
